#-----------------------------------------------------------
# Vivado v2018.3 (64-bit)
# SW Build 2405991 on Thu Dec  6 23:38:27 MST 2018
# IP Build 2404404 on Fri Dec  7 01:43:56 MST 2018
# Start of session at: Sat May 23 13:40:22 2020
# Process ID: 10548
# Current directory: C:/Archlabs/lab01
# Command line: vivado.exe -gui_launcher_event rodinguilauncherevent3908 C:\Archlabs\lab01\lab01.xpr
# Log file: C:/Archlabs/lab01/vivado.log
# Journal file: C:/Archlabs/lab01\vivado.jou
#-----------------------------------------------------------
start_guioopen_project C:/Archlabs/lab01/lab01.xpr
Scanning sources...
Finished scanning sources
INFO: [IP_Flow 19-234] Refreshing IP repositories
INFO: [IP_Flow 19-1704] No user IP repositories specified
INFO: [IP_Flow 19-2313] Loaded Vivado IP repository 'C:/Xilinx/Vivado/2018.3/data/ip'.
INFO: [Common 17-41] Interrupt caught. Command should exit soon.
INFO: [Common 17-344] 'open_project' was cancelled
exit
INFO: [Common 17-206] Exiting Vivado at Sat May 23 13:40:58 2020...
Flow 19-2340] The IP catalog has been returned to its previous state.
INFO: [Common 17-344] 'open_project' was cancelled
exit
INFO: [Common 17-206] Exiting Vivado at Sat May 23 13:41:19 2020...
